<?xml version="1.0" encoding="UTF-8"?>
<!-- Generated by org.testng.reporters.JUnitXMLReporter -->
<testsuite hostname="01-012095" ignored="0" name="Command line test" tests="4" failures="0" timestamp="21 Apr 2020 14:24:17 GMT" time="6.361" errors="0">
  <testcase name="@BeforeMethod setup" time="6.332" classname="ossi.com.qa.testcases.LoginPageTest">
    <failure type="org.openqa.selenium.SessionNotCreatedException" message="session not created: This version of ChromeDriver only supports Chrome version 83
Build info: version: &amp;apos;3.141.59&amp;apos;, revision: &amp;apos;e82be7d358&amp;apos;, time: &amp;apos;2018-11-14T08:17:03&amp;apos;
System info: host: &amp;apos;01-012095&amp;apos;, ip: &amp;apos;192.168.75.13&amp;apos;, os.name: &amp;apos;Windows 10&amp;apos;, os.arch: &amp;apos;amd64&amp;apos;, os.version: &amp;apos;10.0&amp;apos;, java.version: &amp;apos;1.8.0_241&amp;apos;
Driver info: driver.version: ChromeDriver
remote stacktrace: Backtrace:
	Ordinal0 [0x00BF9443+2724931]
	Ordinal0 [0x00AF8421+1672225]
	Ordinal0 [0x009E0339+525113]
	Ordinal0 [0x00970B77+68471]
	Ordinal0 [0x0096D32C+54060]
	Ordinal0 [0x0098CC37+183351]
	Ordinal0 [0x0098CA3D+182845]
	Ordinal0 [0x0098A94B+174411]
	Ordinal0 [0x00972528+75048]
	Ordinal0 [0x009735A0+79264]
	Ordinal0 [0x00973539+79161]
	Ordinal0 [0x00B0D4D7+1758423]
	GetHandleVerifier [0x00D15D96+1050070]
	GetHandleVerifier [0x00D15AE1+1049377]
	GetHandleVerifier [0x00D20927+1093991]
	GetHandleVerifier [0x00D16396+1051606]
	Ordinal0 [0x00B059D6+1726934]
	Ordinal0 [0x00B0EA4B+1763915]
	Ordinal0 [0x00B0EBB3+1764275]
	Ordinal0 [0x00B24AD5+1854165]
	BaseThreadInitThunk [0x76C360C9+25]
	RtlGetAppContainerNamedObjectPath [0x773D7A94+228]
	RtlGetAppContainerNamedObjectPath [0x773D7A64+180]
">
      <![CDATA[org.openqa.selenium.SessionNotCreatedException: session not created: This version of ChromeDriver only supports Chrome version 83
Build info: version: '3.141.59', revision: 'e82be7d358', time: '2018-11-14T08:17:03'
System info: host: '01-012095', ip: '192.168.75.13', os.name: 'Windows 10', os.arch: 'amd64', os.version: '10.0', java.version: '1.8.0_241'
Driver info: driver.version: ChromeDriver
remote stacktrace: Backtrace:
Ordinal0 [0x00BF9443+2724931]
Ordinal0 [0x00AF8421+1672225]
Ordinal0 [0x009E0339+525113]
Ordinal0 [0x00970B77+68471]
Ordinal0 [0x0096D32C+54060]
Ordinal0 [0x0098CC37+183351]
Ordinal0 [0x0098CA3D+182845]
Ordinal0 [0x0098A94B+174411]
Ordinal0 [0x00972528+75048]
Ordinal0 [0x009735A0+79264]
Ordinal0 [0x00973539+79161]
Ordinal0 [0x00B0D4D7+1758423]
GetHandleVerifier [0x00D15D96+1050070]
GetHandleVerifier [0x00D15AE1+1049377]
GetHandleVerifier [0x00D20927+1093991]
GetHandleVerifier [0x00D16396+1051606]
Ordinal0 [0x00B059D6+1726934]
Ordinal0 [0x00B0EA4B+1763915]
Ordinal0 [0x00B0EBB3+1764275]
Ordinal0 [0x00B24AD5+1854165]
BaseThreadInitThunk [0x76C360C9+25]
RtlGetAppContainerNamedObjectPath [0x773D7A94+228]
RtlGetAppContainerNamedObjectPath [0x773D7A64+180]

at org.openqa.selenium.remote.W3CHandshakeResponse.lambda$errorHandler$0(W3CHandshakeResponse.java:62)
at org.openqa.selenium.remote.HandshakeResponse.lambda$getResponseFunction$0(HandshakeResponse.java:30)
at org.openqa.selenium.remote.ProtocolHandshake.lambda$createSession$0(ProtocolHandshake.java:126)
at java.util.stream.ReferencePipeline$3$1.accept(Unknown Source)
at java.util.Spliterators$ArraySpliterator.tryAdvance(Unknown Source)
at java.util.stream.ReferencePipeline.forEachWithCancel(Unknown Source)
at java.util.stream.AbstractPipeline.copyIntoWithCancel(Unknown Source)
at java.util.stream.AbstractPipeline.copyInto(Unknown Source)
at java.util.stream.AbstractPipeline.wrapAndCopyInto(Unknown Source)
at java.util.stream.FindOps$FindOp.evaluateSequential(Unknown Source)
at java.util.stream.AbstractPipeline.evaluate(Unknown Source)
at java.util.stream.ReferencePipeline.findFirst(Unknown Source)
at org.openqa.selenium.remote.ProtocolHandshake.createSession(ProtocolHandshake.java:128)
at org.openqa.selenium.remote.ProtocolHandshake.createSession(ProtocolHandshake.java:74)
at org.openqa.selenium.remote.HttpCommandExecutor.execute(HttpCommandExecutor.java:136)
at org.openqa.selenium.remote.service.DriverCommandExecutor.execute(DriverCommandExecutor.java:83)
at org.openqa.selenium.remote.RemoteWebDriver.execute(RemoteWebDriver.java:552)
at org.openqa.selenium.remote.RemoteWebDriver.startSession(RemoteWebDriver.java:213)
at org.openqa.selenium.remote.RemoteWebDriver.<init>(RemoteWebDriver.java:131)
at org.openqa.selenium.chrome.ChromeDriver.<init>(ChromeDriver.java:181)
at org.openqa.selenium.chrome.ChromeDriver.<init>(ChromeDriver.java:168)
at org.openqa.selenium.chrome.ChromeDriver.<init>(ChromeDriver.java:123)
at ossi.com.qa.base.TestBase.initialization(TestBase.java:38)
at ossi.com.qa.testcases.LoginPageTest.setup(LoginPageTest.java:21)
... Removed 42 stack frames]]>
    </failure>
  </testcase> <!-- @BeforeMethod setup -->
  <testcase name="@AfterMethod tearDown" time="0.0" classname="ossi.com.qa.testcases.LoginPageTest">
    <skipped/>
  </testcase> <!-- @AfterMethod tearDown -->
  <testcase name="@BeforeMethod setup" time="0.0" classname="ossi.com.qa.testcases.LoginPageTest">
    <skipped/>
  </testcase> <!-- @BeforeMethod setup -->
  <testcase name="@AfterMethod tearDown" time="0.0" classname="ossi.com.qa.testcases.LoginPageTest">
    <skipped/>
  </testcase> <!-- @AfterMethod tearDown -->
  <testcase name="@BeforeMethod setup" time="0.0" classname="ossi.com.qa.testcases.LoginPageTest">
    <skipped/>
  </testcase> <!-- @BeforeMethod setup -->
  <testcase name="@AfterMethod tearDown" time="0.0" classname="ossi.com.qa.testcases.LoginPageTest">
    <skipped/>
  </testcase> <!-- @AfterMethod tearDown -->
  <testcase name="test1" time="0.005" classname="ossi.com.qa.testcases.HomePageTest"/>
  <testcase name="loginpageTitleTest" time="0.0" classname="ossi.com.qa.testcases.LoginPageTest">
    <skipped/>
  </testcase> <!-- loginpageTitleTest -->
  <testcase name="ossiLogoImageTest" time="0.0" classname="ossi.com.qa.testcases.LoginPageTest">
    <skipped/>
  </testcase> <!-- ossiLogoImageTest -->
  <testcase name="LoginTest" time="0.0" classname="ossi.com.qa.testcases.LoginPageTest">
    <skipped/>
  </testcase> <!-- LoginTest -->
</testsuite> <!-- Command line test -->
