<?xml version="1.0" encoding="UTF-8"?>
<testng-results skipped="3" failed="0" ignored="0" total="4" passed="1">
  <reporter-output>
  </reporter-output>
  <suite name="Command line suite" duration-ms="6361" started-at="2020-04-21T14:24:11Z" finished-at="2020-04-21T14:24:17Z">
    <groups>
    </groups>
    <test name="Command line test" duration-ms="6361" started-at="2020-04-21T14:24:11Z" finished-at="2020-04-21T14:24:17Z">
      <class name="ossi.com.qa.testcases.LoginPageTest">
        <test-method status="FAIL" signature="setup()[pri:0, instance:ossi.com.qa.testcases.LoginPageTest@668bc3d5]" name="setup" is-config="true" duration-ms="6332" started-at="2020-04-21T14:24:11Z" finished-at="2020-04-21T14:24:17Z">
          <exception class="org.openqa.selenium.SessionNotCreatedException">
            <message>
              <![CDATA[session not created: This version of ChromeDriver only supports Chrome version 83
Build info: version: '3.141.59', revision: 'e82be7d358', time: '2018-11-14T08:17:03'
System info: host: '01-012095', ip: '192.168.75.13', os.name: 'Windows 10', os.arch: 'amd64', os.version: '10.0', java.version: '1.8.0_241'
Driver info: driver.version: ChromeDriver
remote stacktrace: Backtrace:
Ordinal0 [0x00BF9443+2724931]
Ordinal0 [0x00AF8421+1672225]
Ordinal0 [0x009E0339+525113]
Ordinal0 [0x00970B77+68471]
Ordinal0 [0x0096D32C+54060]
Ordinal0 [0x0098CC37+183351]
Ordinal0 [0x0098CA3D+182845]
Ordinal0 [0x0098A94B+174411]
Ordinal0 [0x00972528+75048]
Ordinal0 [0x009735A0+79264]
Ordinal0 [0x00973539+79161]
Ordinal0 [0x00B0D4D7+1758423]
GetHandleVerifier [0x00D15D96+1050070]
GetHandleVerifier [0x00D15AE1+1049377]
GetHandleVerifier [0x00D20927+1093991]
GetHandleVerifier [0x00D16396+1051606]
Ordinal0 [0x00B059D6+1726934]
Ordinal0 [0x00B0EA4B+1763915]
Ordinal0 [0x00B0EBB3+1764275]
Ordinal0 [0x00B24AD5+1854165]
BaseThreadInitThunk [0x76C360C9+25]
RtlGetAppContainerNamedObjectPath [0x773D7A94+228]
RtlGetAppContainerNamedObjectPath [0x773D7A64+180]
]]>
            </message>
            <full-stacktrace>
              <![CDATA[org.openqa.selenium.SessionNotCreatedException: session not created: This version of ChromeDriver only supports Chrome version 83
Build info: version: '3.141.59', revision: 'e82be7d358', time: '2018-11-14T08:17:03'
System info: host: '01-012095', ip: '192.168.75.13', os.name: 'Windows 10', os.arch: 'amd64', os.version: '10.0', java.version: '1.8.0_241'
Driver info: driver.version: ChromeDriver
remote stacktrace: Backtrace:
Ordinal0 [0x00BF9443+2724931]
Ordinal0 [0x00AF8421+1672225]
Ordinal0 [0x009E0339+525113]
Ordinal0 [0x00970B77+68471]
Ordinal0 [0x0096D32C+54060]
Ordinal0 [0x0098CC37+183351]
Ordinal0 [0x0098CA3D+182845]
Ordinal0 [0x0098A94B+174411]
Ordinal0 [0x00972528+75048]
Ordinal0 [0x009735A0+79264]
Ordinal0 [0x00973539+79161]
Ordinal0 [0x00B0D4D7+1758423]
GetHandleVerifier [0x00D15D96+1050070]
GetHandleVerifier [0x00D15AE1+1049377]
GetHandleVerifier [0x00D20927+1093991]
GetHandleVerifier [0x00D16396+1051606]
Ordinal0 [0x00B059D6+1726934]
Ordinal0 [0x00B0EA4B+1763915]
Ordinal0 [0x00B0EBB3+1764275]
Ordinal0 [0x00B24AD5+1854165]
BaseThreadInitThunk [0x76C360C9+25]
RtlGetAppContainerNamedObjectPath [0x773D7A94+228]
RtlGetAppContainerNamedObjectPath [0x773D7A64+180]

at sun.reflect.NativeConstructorAccessorImpl.newInstance0(Native Method)
at sun.reflect.NativeConstructorAccessorImpl.newInstance(Unknown Source)
at sun.reflect.DelegatingConstructorAccessorImpl.newInstance(Unknown Source)
at java.lang.reflect.Constructor.newInstance(Unknown Source)
at org.openqa.selenium.remote.W3CHandshakeResponse.lambda$errorHandler$0(W3CHandshakeResponse.java:62)
at org.openqa.selenium.remote.HandshakeResponse.lambda$getResponseFunction$0(HandshakeResponse.java:30)
at org.openqa.selenium.remote.ProtocolHandshake.lambda$createSession$0(ProtocolHandshake.java:126)
at java.util.stream.ReferencePipeline$3$1.accept(Unknown Source)
at java.util.Spliterators$ArraySpliterator.tryAdvance(Unknown Source)
at java.util.stream.ReferencePipeline.forEachWithCancel(Unknown Source)
at java.util.stream.AbstractPipeline.copyIntoWithCancel(Unknown Source)
at java.util.stream.AbstractPipeline.copyInto(Unknown Source)
at java.util.stream.AbstractPipeline.wrapAndCopyInto(Unknown Source)
at java.util.stream.FindOps$FindOp.evaluateSequential(Unknown Source)
at java.util.stream.AbstractPipeline.evaluate(Unknown Source)
at java.util.stream.ReferencePipeline.findFirst(Unknown Source)
at org.openqa.selenium.remote.ProtocolHandshake.createSession(ProtocolHandshake.java:128)
at org.openqa.selenium.remote.ProtocolHandshake.createSession(ProtocolHandshake.java:74)
at org.openqa.selenium.remote.HttpCommandExecutor.execute(HttpCommandExecutor.java:136)
at org.openqa.selenium.remote.service.DriverCommandExecutor.execute(DriverCommandExecutor.java:83)
at org.openqa.selenium.remote.RemoteWebDriver.execute(RemoteWebDriver.java:552)
at org.openqa.selenium.remote.RemoteWebDriver.startSession(RemoteWebDriver.java:213)
at org.openqa.selenium.remote.RemoteWebDriver.<init>(RemoteWebDriver.java:131)
at org.openqa.selenium.chrome.ChromeDriver.<init>(ChromeDriver.java:181)
at org.openqa.selenium.chrome.ChromeDriver.<init>(ChromeDriver.java:168)
at org.openqa.selenium.chrome.ChromeDriver.<init>(ChromeDriver.java:123)
at ossi.com.qa.base.TestBase.initialization(TestBase.java:38)
at ossi.com.qa.testcases.LoginPageTest.setup(LoginPageTest.java:21)
at sun.reflect.NativeMethodAccessorImpl.invoke0(Native Method)
at sun.reflect.NativeMethodAccessorImpl.invoke(Unknown Source)
at sun.reflect.DelegatingMethodAccessorImpl.invoke(Unknown Source)
at java.lang.reflect.Method.invoke(Unknown Source)
at org.testng.internal.MethodInvocationHelper.invokeMethod(MethodInvocationHelper.java:124)
at org.testng.internal.MethodInvocationHelper.invokeMethodConsideringTimeout(MethodInvocationHelper.java:59)
at org.testng.internal.Invoker.invokeConfigurationMethod(Invoker.java:458)
at org.testng.internal.Invoker.invokeConfigurations(Invoker.java:222)
at org.testng.internal.Invoker.invokeMethod(Invoker.java:523)
at org.testng.internal.Invoker.invokeTestMethod(Invoker.java:719)
at org.testng.internal.Invoker.invokeTestMethods(Invoker.java:989)
at org.testng.internal.TestMethodWorker.invokeTestMethods(TestMethodWorker.java:125)
at org.testng.internal.TestMethodWorker.run(TestMethodWorker.java:109)
at org.testng.TestRunner.privateRun(TestRunner.java:648)
at org.testng.TestRunner.run(TestRunner.java:505)
at org.testng.SuiteRunner.runTest(SuiteRunner.java:455)
at org.testng.SuiteRunner.runSequentially(SuiteRunner.java:450)
at org.testng.SuiteRunner.privateRun(SuiteRunner.java:415)
at org.testng.SuiteRunner.run(SuiteRunner.java:364)
at org.testng.SuiteRunnerWorker.runSuite(SuiteRunnerWorker.java:52)
at org.testng.SuiteRunnerWorker.run(SuiteRunnerWorker.java:84)
at org.testng.TestNG.runSuitesSequentially(TestNG.java:1208)
at org.testng.TestNG.runSuitesLocally(TestNG.java:1137)
at org.testng.TestNG.runSuites(TestNG.java:1049)
at org.testng.TestNG.run(TestNG.java:1017)
at org.apache.maven.surefire.testng.TestNGExecutor.run(TestNGExecutor.java:77)
at org.apache.maven.surefire.testng.TestNGDirectoryTestSuite.executeMulti(TestNGDirectoryTestSuite.java:159)
at org.apache.maven.surefire.testng.TestNGDirectoryTestSuite.execute(TestNGDirectoryTestSuite.java:99)
at org.apache.maven.surefire.testng.TestNGProvider.invoke(TestNGProvider.java:106)
at sun.reflect.NativeMethodAccessorImpl.invoke0(Native Method)
at sun.reflect.NativeMethodAccessorImpl.invoke(Unknown Source)
at sun.reflect.DelegatingMethodAccessorImpl.invoke(Unknown Source)
at java.lang.reflect.Method.invoke(Unknown Source)
at org.apache.maven.surefire.util.ReflectionUtils.invokeMethodWithArray(ReflectionUtils.java:189)
at org.apache.maven.surefire.booter.ProviderFactory$ProviderProxy.invoke(ProviderFactory.java:165)
at org.apache.maven.surefire.booter.ProviderFactory.invokeProvider(ProviderFactory.java:85)
at org.apache.maven.surefire.booter.ForkedBooter.runSuitesInProcess(ForkedBooter.java:115)
at org.apache.maven.surefire.booter.ForkedBooter.main(ForkedBooter.java:75)
]]>
            </full-stacktrace>
          </exception> <!-- org.openqa.selenium.SessionNotCreatedException -->
          <reporter-output>
          </reporter-output>
        </test-method> <!-- setup -->
        <test-method status="SKIP" signature="loginpageTitleTest()[pri:1, instance:ossi.com.qa.testcases.LoginPageTest@668bc3d5]" name="loginpageTitleTest" duration-ms="0" started-at="2020-04-21T14:24:17Z" finished-at="2020-04-21T14:24:17Z">
          <exception class="org.openqa.selenium.SessionNotCreatedException">
            <message>
              <![CDATA[session not created: This version of ChromeDriver only supports Chrome version 83
Build info: version: '3.141.59', revision: 'e82be7d358', time: '2018-11-14T08:17:03'
System info: host: '01-012095', ip: '192.168.75.13', os.name: 'Windows 10', os.arch: 'amd64', os.version: '10.0', java.version: '1.8.0_241'
Driver info: driver.version: ChromeDriver
remote stacktrace: Backtrace:
Ordinal0 [0x00BF9443+2724931]
Ordinal0 [0x00AF8421+1672225]
Ordinal0 [0x009E0339+525113]
Ordinal0 [0x00970B77+68471]
Ordinal0 [0x0096D32C+54060]
Ordinal0 [0x0098CC37+183351]
Ordinal0 [0x0098CA3D+182845]
Ordinal0 [0x0098A94B+174411]
Ordinal0 [0x00972528+75048]
Ordinal0 [0x009735A0+79264]
Ordinal0 [0x00973539+79161]
Ordinal0 [0x00B0D4D7+1758423]
GetHandleVerifier [0x00D15D96+1050070]
GetHandleVerifier [0x00D15AE1+1049377]
GetHandleVerifier [0x00D20927+1093991]
GetHandleVerifier [0x00D16396+1051606]
Ordinal0 [0x00B059D6+1726934]
Ordinal0 [0x00B0EA4B+1763915]
Ordinal0 [0x00B0EBB3+1764275]
Ordinal0 [0x00B24AD5+1854165]
BaseThreadInitThunk [0x76C360C9+25]
RtlGetAppContainerNamedObjectPath [0x773D7A94+228]
RtlGetAppContainerNamedObjectPath [0x773D7A64+180]
]]>
            </message>
            <full-stacktrace>
              <![CDATA[org.openqa.selenium.SessionNotCreatedException: session not created: This version of ChromeDriver only supports Chrome version 83
Build info: version: '3.141.59', revision: 'e82be7d358', time: '2018-11-14T08:17:03'
System info: host: '01-012095', ip: '192.168.75.13', os.name: 'Windows 10', os.arch: 'amd64', os.version: '10.0', java.version: '1.8.0_241'
Driver info: driver.version: ChromeDriver
remote stacktrace: Backtrace:
Ordinal0 [0x00BF9443+2724931]
Ordinal0 [0x00AF8421+1672225]
Ordinal0 [0x009E0339+525113]
Ordinal0 [0x00970B77+68471]
Ordinal0 [0x0096D32C+54060]
Ordinal0 [0x0098CC37+183351]
Ordinal0 [0x0098CA3D+182845]
Ordinal0 [0x0098A94B+174411]
Ordinal0 [0x00972528+75048]
Ordinal0 [0x009735A0+79264]
Ordinal0 [0x00973539+79161]
Ordinal0 [0x00B0D4D7+1758423]
GetHandleVerifier [0x00D15D96+1050070]
GetHandleVerifier [0x00D15AE1+1049377]
GetHandleVerifier [0x00D20927+1093991]
GetHandleVerifier [0x00D16396+1051606]
Ordinal0 [0x00B059D6+1726934]
Ordinal0 [0x00B0EA4B+1763915]
Ordinal0 [0x00B0EBB3+1764275]
Ordinal0 [0x00B24AD5+1854165]
BaseThreadInitThunk [0x76C360C9+25]
RtlGetAppContainerNamedObjectPath [0x773D7A94+228]
RtlGetAppContainerNamedObjectPath [0x773D7A64+180]

at sun.reflect.NativeConstructorAccessorImpl.newInstance0(Native Method)
at sun.reflect.NativeConstructorAccessorImpl.newInstance(Unknown Source)
at sun.reflect.DelegatingConstructorAccessorImpl.newInstance(Unknown Source)
at java.lang.reflect.Constructor.newInstance(Unknown Source)
at org.openqa.selenium.remote.W3CHandshakeResponse.lambda$errorHandler$0(W3CHandshakeResponse.java:62)
at org.openqa.selenium.remote.HandshakeResponse.lambda$getResponseFunction$0(HandshakeResponse.java:30)
at org.openqa.selenium.remote.ProtocolHandshake.lambda$createSession$0(ProtocolHandshake.java:126)
at java.util.stream.ReferencePipeline$3$1.accept(Unknown Source)
at java.util.Spliterators$ArraySpliterator.tryAdvance(Unknown Source)
at java.util.stream.ReferencePipeline.forEachWithCancel(Unknown Source)
at java.util.stream.AbstractPipeline.copyIntoWithCancel(Unknown Source)
at java.util.stream.AbstractPipeline.copyInto(Unknown Source)
at java.util.stream.AbstractPipeline.wrapAndCopyInto(Unknown Source)
at java.util.stream.FindOps$FindOp.evaluateSequential(Unknown Source)
at java.util.stream.AbstractPipeline.evaluate(Unknown Source)
at java.util.stream.ReferencePipeline.findFirst(Unknown Source)
at org.openqa.selenium.remote.ProtocolHandshake.createSession(ProtocolHandshake.java:128)
at org.openqa.selenium.remote.ProtocolHandshake.createSession(ProtocolHandshake.java:74)
at org.openqa.selenium.remote.HttpCommandExecutor.execute(HttpCommandExecutor.java:136)
at org.openqa.selenium.remote.service.DriverCommandExecutor.execute(DriverCommandExecutor.java:83)
at org.openqa.selenium.remote.RemoteWebDriver.execute(RemoteWebDriver.java:552)
at org.openqa.selenium.remote.RemoteWebDriver.startSession(RemoteWebDriver.java:213)
at org.openqa.selenium.remote.RemoteWebDriver.<init>(RemoteWebDriver.java:131)
at org.openqa.selenium.chrome.ChromeDriver.<init>(ChromeDriver.java:181)
at org.openqa.selenium.chrome.ChromeDriver.<init>(ChromeDriver.java:168)
at org.openqa.selenium.chrome.ChromeDriver.<init>(ChromeDriver.java:123)
at ossi.com.qa.base.TestBase.initialization(TestBase.java:38)
at ossi.com.qa.testcases.LoginPageTest.setup(LoginPageTest.java:21)
at sun.reflect.NativeMethodAccessorImpl.invoke0(Native Method)
at sun.reflect.NativeMethodAccessorImpl.invoke(Unknown Source)
at sun.reflect.DelegatingMethodAccessorImpl.invoke(Unknown Source)
at java.lang.reflect.Method.invoke(Unknown Source)
at org.testng.internal.MethodInvocationHelper.invokeMethod(MethodInvocationHelper.java:124)
at org.testng.internal.MethodInvocationHelper.invokeMethodConsideringTimeout(MethodInvocationHelper.java:59)
at org.testng.internal.Invoker.invokeConfigurationMethod(Invoker.java:458)
at org.testng.internal.Invoker.invokeConfigurations(Invoker.java:222)
at org.testng.internal.Invoker.invokeMethod(Invoker.java:523)
at org.testng.internal.Invoker.invokeTestMethod(Invoker.java:719)
at org.testng.internal.Invoker.invokeTestMethods(Invoker.java:989)
at org.testng.internal.TestMethodWorker.invokeTestMethods(TestMethodWorker.java:125)
at org.testng.internal.TestMethodWorker.run(TestMethodWorker.java:109)
at org.testng.TestRunner.privateRun(TestRunner.java:648)
at org.testng.TestRunner.run(TestRunner.java:505)
at org.testng.SuiteRunner.runTest(SuiteRunner.java:455)
at org.testng.SuiteRunner.runSequentially(SuiteRunner.java:450)
at org.testng.SuiteRunner.privateRun(SuiteRunner.java:415)
at org.testng.SuiteRunner.run(SuiteRunner.java:364)
at org.testng.SuiteRunnerWorker.runSuite(SuiteRunnerWorker.java:52)
at org.testng.SuiteRunnerWorker.run(SuiteRunnerWorker.java:84)
at org.testng.TestNG.runSuitesSequentially(TestNG.java:1208)
at org.testng.TestNG.runSuitesLocally(TestNG.java:1137)
at org.testng.TestNG.runSuites(TestNG.java:1049)
at org.testng.TestNG.run(TestNG.java:1017)
at org.apache.maven.surefire.testng.TestNGExecutor.run(TestNGExecutor.java:77)
at org.apache.maven.surefire.testng.TestNGDirectoryTestSuite.executeMulti(TestNGDirectoryTestSuite.java:159)
at org.apache.maven.surefire.testng.TestNGDirectoryTestSuite.execute(TestNGDirectoryTestSuite.java:99)
at org.apache.maven.surefire.testng.TestNGProvider.invoke(TestNGProvider.java:106)
at sun.reflect.NativeMethodAccessorImpl.invoke0(Native Method)
at sun.reflect.NativeMethodAccessorImpl.invoke(Unknown Source)
at sun.reflect.DelegatingMethodAccessorImpl.invoke(Unknown Source)
at java.lang.reflect.Method.invoke(Unknown Source)
at org.apache.maven.surefire.util.ReflectionUtils.invokeMethodWithArray(ReflectionUtils.java:189)
at org.apache.maven.surefire.booter.ProviderFactory$ProviderProxy.invoke(ProviderFactory.java:165)
at org.apache.maven.surefire.booter.ProviderFactory.invokeProvider(ProviderFactory.java:85)
at org.apache.maven.surefire.booter.ForkedBooter.runSuitesInProcess(ForkedBooter.java:115)
at org.apache.maven.surefire.booter.ForkedBooter.main(ForkedBooter.java:75)
]]>
            </full-stacktrace>
          </exception> <!-- org.openqa.selenium.SessionNotCreatedException -->
          <reporter-output>
          </reporter-output>
        </test-method> <!-- loginpageTitleTest -->
        <test-method status="SKIP" signature="tearDown()[pri:0, instance:ossi.com.qa.testcases.LoginPageTest@668bc3d5]" name="tearDown" is-config="true" duration-ms="0" started-at="2020-04-21T14:24:17Z" finished-at="2020-04-21T14:24:17Z">
          <reporter-output>
          </reporter-output>
        </test-method> <!-- tearDown -->
        <test-method status="SKIP" signature="ossiLogoImageTest()[pri:2, instance:ossi.com.qa.testcases.LoginPageTest@668bc3d5]" name="ossiLogoImageTest" duration-ms="0" started-at="2020-04-21T14:24:17Z" finished-at="2020-04-21T14:24:17Z">
          <exception class="org.openqa.selenium.SessionNotCreatedException">
            <message>
              <![CDATA[session not created: This version of ChromeDriver only supports Chrome version 83
Build info: version: '3.141.59', revision: 'e82be7d358', time: '2018-11-14T08:17:03'
System info: host: '01-012095', ip: '192.168.75.13', os.name: 'Windows 10', os.arch: 'amd64', os.version: '10.0', java.version: '1.8.0_241'
Driver info: driver.version: ChromeDriver
remote stacktrace: Backtrace:
Ordinal0 [0x00BF9443+2724931]
Ordinal0 [0x00AF8421+1672225]
Ordinal0 [0x009E0339+525113]
Ordinal0 [0x00970B77+68471]
Ordinal0 [0x0096D32C+54060]
Ordinal0 [0x0098CC37+183351]
Ordinal0 [0x0098CA3D+182845]
Ordinal0 [0x0098A94B+174411]
Ordinal0 [0x00972528+75048]
Ordinal0 [0x009735A0+79264]
Ordinal0 [0x00973539+79161]
Ordinal0 [0x00B0D4D7+1758423]
GetHandleVerifier [0x00D15D96+1050070]
GetHandleVerifier [0x00D15AE1+1049377]
GetHandleVerifier [0x00D20927+1093991]
GetHandleVerifier [0x00D16396+1051606]
Ordinal0 [0x00B059D6+1726934]
Ordinal0 [0x00B0EA4B+1763915]
Ordinal0 [0x00B0EBB3+1764275]
Ordinal0 [0x00B24AD5+1854165]
BaseThreadInitThunk [0x76C360C9+25]
RtlGetAppContainerNamedObjectPath [0x773D7A94+228]
RtlGetAppContainerNamedObjectPath [0x773D7A64+180]
]]>
            </message>
            <full-stacktrace>
              <![CDATA[org.openqa.selenium.SessionNotCreatedException: session not created: This version of ChromeDriver only supports Chrome version 83
Build info: version: '3.141.59', revision: 'e82be7d358', time: '2018-11-14T08:17:03'
System info: host: '01-012095', ip: '192.168.75.13', os.name: 'Windows 10', os.arch: 'amd64', os.version: '10.0', java.version: '1.8.0_241'
Driver info: driver.version: ChromeDriver
remote stacktrace: Backtrace:
Ordinal0 [0x00BF9443+2724931]
Ordinal0 [0x00AF8421+1672225]
Ordinal0 [0x009E0339+525113]
Ordinal0 [0x00970B77+68471]
Ordinal0 [0x0096D32C+54060]
Ordinal0 [0x0098CC37+183351]
Ordinal0 [0x0098CA3D+182845]
Ordinal0 [0x0098A94B+174411]
Ordinal0 [0x00972528+75048]
Ordinal0 [0x009735A0+79264]
Ordinal0 [0x00973539+79161]
Ordinal0 [0x00B0D4D7+1758423]
GetHandleVerifier [0x00D15D96+1050070]
GetHandleVerifier [0x00D15AE1+1049377]
GetHandleVerifier [0x00D20927+1093991]
GetHandleVerifier [0x00D16396+1051606]
Ordinal0 [0x00B059D6+1726934]
Ordinal0 [0x00B0EA4B+1763915]
Ordinal0 [0x00B0EBB3+1764275]
Ordinal0 [0x00B24AD5+1854165]
BaseThreadInitThunk [0x76C360C9+25]
RtlGetAppContainerNamedObjectPath [0x773D7A94+228]
RtlGetAppContainerNamedObjectPath [0x773D7A64+180]

at sun.reflect.NativeConstructorAccessorImpl.newInstance0(Native Method)
at sun.reflect.NativeConstructorAccessorImpl.newInstance(Unknown Source)
at sun.reflect.DelegatingConstructorAccessorImpl.newInstance(Unknown Source)
at java.lang.reflect.Constructor.newInstance(Unknown Source)
at org.openqa.selenium.remote.W3CHandshakeResponse.lambda$errorHandler$0(W3CHandshakeResponse.java:62)
at org.openqa.selenium.remote.HandshakeResponse.lambda$getResponseFunction$0(HandshakeResponse.java:30)
at org.openqa.selenium.remote.ProtocolHandshake.lambda$createSession$0(ProtocolHandshake.java:126)
at java.util.stream.ReferencePipeline$3$1.accept(Unknown Source)
at java.util.Spliterators$ArraySpliterator.tryAdvance(Unknown Source)
at java.util.stream.ReferencePipeline.forEachWithCancel(Unknown Source)
at java.util.stream.AbstractPipeline.copyIntoWithCancel(Unknown Source)
at java.util.stream.AbstractPipeline.copyInto(Unknown Source)
at java.util.stream.AbstractPipeline.wrapAndCopyInto(Unknown Source)
at java.util.stream.FindOps$FindOp.evaluateSequential(Unknown Source)
at java.util.stream.AbstractPipeline.evaluate(Unknown Source)
at java.util.stream.ReferencePipeline.findFirst(Unknown Source)
at org.openqa.selenium.remote.ProtocolHandshake.createSession(ProtocolHandshake.java:128)
at org.openqa.selenium.remote.ProtocolHandshake.createSession(ProtocolHandshake.java:74)
at org.openqa.selenium.remote.HttpCommandExecutor.execute(HttpCommandExecutor.java:136)
at org.openqa.selenium.remote.service.DriverCommandExecutor.execute(DriverCommandExecutor.java:83)
at org.openqa.selenium.remote.RemoteWebDriver.execute(RemoteWebDriver.java:552)
at org.openqa.selenium.remote.RemoteWebDriver.startSession(RemoteWebDriver.java:213)
at org.openqa.selenium.remote.RemoteWebDriver.<init>(RemoteWebDriver.java:131)
at org.openqa.selenium.chrome.ChromeDriver.<init>(ChromeDriver.java:181)
at org.openqa.selenium.chrome.ChromeDriver.<init>(ChromeDriver.java:168)
at org.openqa.selenium.chrome.ChromeDriver.<init>(ChromeDriver.java:123)
at ossi.com.qa.base.TestBase.initialization(TestBase.java:38)
at ossi.com.qa.testcases.LoginPageTest.setup(LoginPageTest.java:21)
at sun.reflect.NativeMethodAccessorImpl.invoke0(Native Method)
at sun.reflect.NativeMethodAccessorImpl.invoke(Unknown Source)
at sun.reflect.DelegatingMethodAccessorImpl.invoke(Unknown Source)
at java.lang.reflect.Method.invoke(Unknown Source)
at org.testng.internal.MethodInvocationHelper.invokeMethod(MethodInvocationHelper.java:124)
at org.testng.internal.MethodInvocationHelper.invokeMethodConsideringTimeout(MethodInvocationHelper.java:59)
at org.testng.internal.Invoker.invokeConfigurationMethod(Invoker.java:458)
at org.testng.internal.Invoker.invokeConfigurations(Invoker.java:222)
at org.testng.internal.Invoker.invokeMethod(Invoker.java:523)
at org.testng.internal.Invoker.invokeTestMethod(Invoker.java:719)
at org.testng.internal.Invoker.invokeTestMethods(Invoker.java:989)
at org.testng.internal.TestMethodWorker.invokeTestMethods(TestMethodWorker.java:125)
at org.testng.internal.TestMethodWorker.run(TestMethodWorker.java:109)
at org.testng.TestRunner.privateRun(TestRunner.java:648)
at org.testng.TestRunner.run(TestRunner.java:505)
at org.testng.SuiteRunner.runTest(SuiteRunner.java:455)
at org.testng.SuiteRunner.runSequentially(SuiteRunner.java:450)
at org.testng.SuiteRunner.privateRun(SuiteRunner.java:415)
at org.testng.SuiteRunner.run(SuiteRunner.java:364)
at org.testng.SuiteRunnerWorker.runSuite(SuiteRunnerWorker.java:52)
at org.testng.SuiteRunnerWorker.run(SuiteRunnerWorker.java:84)
at org.testng.TestNG.runSuitesSequentially(TestNG.java:1208)
at org.testng.TestNG.runSuitesLocally(TestNG.java:1137)
at org.testng.TestNG.runSuites(TestNG.java:1049)
at org.testng.TestNG.run(TestNG.java:1017)
at org.apache.maven.surefire.testng.TestNGExecutor.run(TestNGExecutor.java:77)
at org.apache.maven.surefire.testng.TestNGDirectoryTestSuite.executeMulti(TestNGDirectoryTestSuite.java:159)
at org.apache.maven.surefire.testng.TestNGDirectoryTestSuite.execute(TestNGDirectoryTestSuite.java:99)
at org.apache.maven.surefire.testng.TestNGProvider.invoke(TestNGProvider.java:106)
at sun.reflect.NativeMethodAccessorImpl.invoke0(Native Method)
at sun.reflect.NativeMethodAccessorImpl.invoke(Unknown Source)
at sun.reflect.DelegatingMethodAccessorImpl.invoke(Unknown Source)
at java.lang.reflect.Method.invoke(Unknown Source)
at org.apache.maven.surefire.util.ReflectionUtils.invokeMethodWithArray(ReflectionUtils.java:189)
at org.apache.maven.surefire.booter.ProviderFactory$ProviderProxy.invoke(ProviderFactory.java:165)
at org.apache.maven.surefire.booter.ProviderFactory.invokeProvider(ProviderFactory.java:85)
at org.apache.maven.surefire.booter.ForkedBooter.runSuitesInProcess(ForkedBooter.java:115)
at org.apache.maven.surefire.booter.ForkedBooter.main(ForkedBooter.java:75)
]]>
            </full-stacktrace>
          </exception> <!-- org.openqa.selenium.SessionNotCreatedException -->
          <reporter-output>
          </reporter-output>
        </test-method> <!-- ossiLogoImageTest -->
        <test-method status="SKIP" signature="setup()[pri:0, instance:ossi.com.qa.testcases.LoginPageTest@668bc3d5]" name="setup" is-config="true" duration-ms="0" started-at="2020-04-21T14:24:17Z" finished-at="2020-04-21T14:24:17Z">
          <reporter-output>
          </reporter-output>
        </test-method> <!-- setup -->
        <test-method status="SKIP" signature="setup()[pri:0, instance:ossi.com.qa.testcases.LoginPageTest@668bc3d5]" name="setup" is-config="true" duration-ms="0" started-at="2020-04-21T14:24:17Z" finished-at="2020-04-21T14:24:17Z">
          <reporter-output>
          </reporter-output>
        </test-method> <!-- setup -->
        <test-method status="SKIP" signature="LoginTest()[pri:3, instance:ossi.com.qa.testcases.LoginPageTest@668bc3d5]" name="LoginTest" duration-ms="0" started-at="2020-04-21T14:24:17Z" finished-at="2020-04-21T14:24:17Z">
          <exception class="org.openqa.selenium.SessionNotCreatedException">
            <message>
              <![CDATA[session not created: This version of ChromeDriver only supports Chrome version 83
Build info: version: '3.141.59', revision: 'e82be7d358', time: '2018-11-14T08:17:03'
System info: host: '01-012095', ip: '192.168.75.13', os.name: 'Windows 10', os.arch: 'amd64', os.version: '10.0', java.version: '1.8.0_241'
Driver info: driver.version: ChromeDriver
remote stacktrace: Backtrace:
Ordinal0 [0x00BF9443+2724931]
Ordinal0 [0x00AF8421+1672225]
Ordinal0 [0x009E0339+525113]
Ordinal0 [0x00970B77+68471]
Ordinal0 [0x0096D32C+54060]
Ordinal0 [0x0098CC37+183351]
Ordinal0 [0x0098CA3D+182845]
Ordinal0 [0x0098A94B+174411]
Ordinal0 [0x00972528+75048]
Ordinal0 [0x009735A0+79264]
Ordinal0 [0x00973539+79161]
Ordinal0 [0x00B0D4D7+1758423]
GetHandleVerifier [0x00D15D96+1050070]
GetHandleVerifier [0x00D15AE1+1049377]
GetHandleVerifier [0x00D20927+1093991]
GetHandleVerifier [0x00D16396+1051606]
Ordinal0 [0x00B059D6+1726934]
Ordinal0 [0x00B0EA4B+1763915]
Ordinal0 [0x00B0EBB3+1764275]
Ordinal0 [0x00B24AD5+1854165]
BaseThreadInitThunk [0x76C360C9+25]
RtlGetAppContainerNamedObjectPath [0x773D7A94+228]
RtlGetAppContainerNamedObjectPath [0x773D7A64+180]
]]>
            </message>
            <full-stacktrace>
              <![CDATA[org.openqa.selenium.SessionNotCreatedException: session not created: This version of ChromeDriver only supports Chrome version 83
Build info: version: '3.141.59', revision: 'e82be7d358', time: '2018-11-14T08:17:03'
System info: host: '01-012095', ip: '192.168.75.13', os.name: 'Windows 10', os.arch: 'amd64', os.version: '10.0', java.version: '1.8.0_241'
Driver info: driver.version: ChromeDriver
remote stacktrace: Backtrace:
Ordinal0 [0x00BF9443+2724931]
Ordinal0 [0x00AF8421+1672225]
Ordinal0 [0x009E0339+525113]
Ordinal0 [0x00970B77+68471]
Ordinal0 [0x0096D32C+54060]
Ordinal0 [0x0098CC37+183351]
Ordinal0 [0x0098CA3D+182845]
Ordinal0 [0x0098A94B+174411]
Ordinal0 [0x00972528+75048]
Ordinal0 [0x009735A0+79264]
Ordinal0 [0x00973539+79161]
Ordinal0 [0x00B0D4D7+1758423]
GetHandleVerifier [0x00D15D96+1050070]
GetHandleVerifier [0x00D15AE1+1049377]
GetHandleVerifier [0x00D20927+1093991]
GetHandleVerifier [0x00D16396+1051606]
Ordinal0 [0x00B059D6+1726934]
Ordinal0 [0x00B0EA4B+1763915]
Ordinal0 [0x00B0EBB3+1764275]
Ordinal0 [0x00B24AD5+1854165]
BaseThreadInitThunk [0x76C360C9+25]
RtlGetAppContainerNamedObjectPath [0x773D7A94+228]
RtlGetAppContainerNamedObjectPath [0x773D7A64+180]

at sun.reflect.NativeConstructorAccessorImpl.newInstance0(Native Method)
at sun.reflect.NativeConstructorAccessorImpl.newInstance(Unknown Source)
at sun.reflect.DelegatingConstructorAccessorImpl.newInstance(Unknown Source)
at java.lang.reflect.Constructor.newInstance(Unknown Source)
at org.openqa.selenium.remote.W3CHandshakeResponse.lambda$errorHandler$0(W3CHandshakeResponse.java:62)
at org.openqa.selenium.remote.HandshakeResponse.lambda$getResponseFunction$0(HandshakeResponse.java:30)
at org.openqa.selenium.remote.ProtocolHandshake.lambda$createSession$0(ProtocolHandshake.java:126)
at java.util.stream.ReferencePipeline$3$1.accept(Unknown Source)
at java.util.Spliterators$ArraySpliterator.tryAdvance(Unknown Source)
at java.util.stream.ReferencePipeline.forEachWithCancel(Unknown Source)
at java.util.stream.AbstractPipeline.copyIntoWithCancel(Unknown Source)
at java.util.stream.AbstractPipeline.copyInto(Unknown Source)
at java.util.stream.AbstractPipeline.wrapAndCopyInto(Unknown Source)
at java.util.stream.FindOps$FindOp.evaluateSequential(Unknown Source)
at java.util.stream.AbstractPipeline.evaluate(Unknown Source)
at java.util.stream.ReferencePipeline.findFirst(Unknown Source)
at org.openqa.selenium.remote.ProtocolHandshake.createSession(ProtocolHandshake.java:128)
at org.openqa.selenium.remote.ProtocolHandshake.createSession(ProtocolHandshake.java:74)
at org.openqa.selenium.remote.HttpCommandExecutor.execute(HttpCommandExecutor.java:136)
at org.openqa.selenium.remote.service.DriverCommandExecutor.execute(DriverCommandExecutor.java:83)
at org.openqa.selenium.remote.RemoteWebDriver.execute(RemoteWebDriver.java:552)
at org.openqa.selenium.remote.RemoteWebDriver.startSession(RemoteWebDriver.java:213)
at org.openqa.selenium.remote.RemoteWebDriver.<init>(RemoteWebDriver.java:131)
at org.openqa.selenium.chrome.ChromeDriver.<init>(ChromeDriver.java:181)
at org.openqa.selenium.chrome.ChromeDriver.<init>(ChromeDriver.java:168)
at org.openqa.selenium.chrome.ChromeDriver.<init>(ChromeDriver.java:123)
at ossi.com.qa.base.TestBase.initialization(TestBase.java:38)
at ossi.com.qa.testcases.LoginPageTest.setup(LoginPageTest.java:21)
at sun.reflect.NativeMethodAccessorImpl.invoke0(Native Method)
at sun.reflect.NativeMethodAccessorImpl.invoke(Unknown Source)
at sun.reflect.DelegatingMethodAccessorImpl.invoke(Unknown Source)
at java.lang.reflect.Method.invoke(Unknown Source)
at org.testng.internal.MethodInvocationHelper.invokeMethod(MethodInvocationHelper.java:124)
at org.testng.internal.MethodInvocationHelper.invokeMethodConsideringTimeout(MethodInvocationHelper.java:59)
at org.testng.internal.Invoker.invokeConfigurationMethod(Invoker.java:458)
at org.testng.internal.Invoker.invokeConfigurations(Invoker.java:222)
at org.testng.internal.Invoker.invokeMethod(Invoker.java:523)
at org.testng.internal.Invoker.invokeTestMethod(Invoker.java:719)
at org.testng.internal.Invoker.invokeTestMethods(Invoker.java:989)
at org.testng.internal.TestMethodWorker.invokeTestMethods(TestMethodWorker.java:125)
at org.testng.internal.TestMethodWorker.run(TestMethodWorker.java:109)
at org.testng.TestRunner.privateRun(TestRunner.java:648)
at org.testng.TestRunner.run(TestRunner.java:505)
at org.testng.SuiteRunner.runTest(SuiteRunner.java:455)
at org.testng.SuiteRunner.runSequentially(SuiteRunner.java:450)
at org.testng.SuiteRunner.privateRun(SuiteRunner.java:415)
at org.testng.SuiteRunner.run(SuiteRunner.java:364)
at org.testng.SuiteRunnerWorker.runSuite(SuiteRunnerWorker.java:52)
at org.testng.SuiteRunnerWorker.run(SuiteRunnerWorker.java:84)
at org.testng.TestNG.runSuitesSequentially(TestNG.java:1208)
at org.testng.TestNG.runSuitesLocally(TestNG.java:1137)
at org.testng.TestNG.runSuites(TestNG.java:1049)
at org.testng.TestNG.run(TestNG.java:1017)
at org.apache.maven.surefire.testng.TestNGExecutor.run(TestNGExecutor.java:77)
at org.apache.maven.surefire.testng.TestNGDirectoryTestSuite.executeMulti(TestNGDirectoryTestSuite.java:159)
at org.apache.maven.surefire.testng.TestNGDirectoryTestSuite.execute(TestNGDirectoryTestSuite.java:99)
at org.apache.maven.surefire.testng.TestNGProvider.invoke(TestNGProvider.java:106)
at sun.reflect.NativeMethodAccessorImpl.invoke0(Native Method)
at sun.reflect.NativeMethodAccessorImpl.invoke(Unknown Source)
at sun.reflect.DelegatingMethodAccessorImpl.invoke(Unknown Source)
at java.lang.reflect.Method.invoke(Unknown Source)
at org.apache.maven.surefire.util.ReflectionUtils.invokeMethodWithArray(ReflectionUtils.java:189)
at org.apache.maven.surefire.booter.ProviderFactory$ProviderProxy.invoke(ProviderFactory.java:165)
at org.apache.maven.surefire.booter.ProviderFactory.invokeProvider(ProviderFactory.java:85)
at org.apache.maven.surefire.booter.ForkedBooter.runSuitesInProcess(ForkedBooter.java:115)
at org.apache.maven.surefire.booter.ForkedBooter.main(ForkedBooter.java:75)
]]>
            </full-stacktrace>
          </exception> <!-- org.openqa.selenium.SessionNotCreatedException -->
          <reporter-output>
          </reporter-output>
        </test-method> <!-- LoginTest -->
        <test-method status="SKIP" signature="tearDown()[pri:0, instance:ossi.com.qa.testcases.LoginPageTest@668bc3d5]" name="tearDown" is-config="true" duration-ms="0" started-at="2020-04-21T14:24:17Z" finished-at="2020-04-21T14:24:17Z">
          <reporter-output>
          </reporter-output>
        </test-method> <!-- tearDown -->
        <test-method status="SKIP" signature="tearDown()[pri:0, instance:ossi.com.qa.testcases.LoginPageTest@668bc3d5]" name="tearDown" is-config="true" duration-ms="0" started-at="2020-04-21T14:24:17Z" finished-at="2020-04-21T14:24:17Z">
          <reporter-output>
          </reporter-output>
        </test-method> <!-- tearDown -->
      </class> <!-- ossi.com.qa.testcases.LoginPageTest -->
      <class name="ossi.com.qa.testcases.HomePageTest">
        <test-method status="PASS" signature="test1()[pri:0, instance:ossi.com.qa.testcases.HomePageTest@380fb434]" name="test1" duration-ms="5" started-at="2020-04-21T14:24:11Z" finished-at="2020-04-21T14:24:11Z">
          <reporter-output>
          </reporter-output>
        </test-method> <!-- test1 -->
      </class> <!-- ossi.com.qa.testcases.HomePageTest -->
    </test> <!-- Command line test -->
  </suite> <!-- Command line suite -->
</testng-results>
