<?xml version="1.0" encoding="UTF-8" ?>
<testsuite tests="10" failures="1" name="TestSuite" time="57.074" errors="0" skipped="8">
  <properties>
    <property name="java.runtime.name" value="Java(TM) SE Runtime Environment"/>
    <property name="sun.boot.library.path" value="C:\Program Files\Java\jre1.8.0_241\bin"/>
    <property name="java.vm.version" value="25.241-b07"/>
    <property name="java.vm.vendor" value="Oracle Corporation"/>
    <property name="maven.multiModuleProjectDirectory" value="C:\Users\rajat.garg\eclipse-workspace\OSSI"/>
    <property name="java.vendor.url" value="http://java.oracle.com/"/>
    <property name="path.separator" value=";"/>
    <property name="guice.disable.misplaced.annotation.check" value="true"/>
    <property name="java.vm.name" value="Java HotSpot(TM) 64-Bit Server VM"/>
    <property name="file.encoding.pkg" value="sun.io"/>
    <property name="user.script" value=""/>
    <property name="user.country" value="US"/>
    <property name="sun.java.launcher" value="SUN_STANDARD"/>
    <property name="sun.os.patch.level" value=""/>
    <property name="java.vm.specification.name" value="Java Virtual Machine Specification"/>
    <property name="user.dir" value="C:\Users\rajat.garg\eclipse-workspace\OSSI"/>
    <property name="java.runtime.version" value="1.8.0_241-b07"/>
    <property name="java.awt.graphicsenv" value="sun.awt.Win32GraphicsEnvironment"/>
    <property name="java.endorsed.dirs" value="C:\Program Files\Java\jre1.8.0_241\lib\endorsed"/>
    <property name="os.arch" value="amd64"/>
    <property name="java.io.tmpdir" value="C:\Users\RAJAT~1.GAR\AppData\Local\Temp\"/>
    <property name="line.separator" value="
"/>
    <property name="java.vm.specification.vendor" value="Oracle Corporation"/>
    <property name="user.variant" value=""/>
    <property name="os.name" value="Windows 10"/>
    <property name="classworlds.conf" value="D:\Selenium\seleniumWorkspace\.metadata\.plugins\org.eclipse.m2e.launching\launches\m2conf1497649993414207289.tmp"/>
    <property name="sun.jnu.encoding" value="Cp1252"/>
    <property name="java.library.path" value="C:\Program Files\Java\jre1.8.0_241\bin;C:\Windows\Sun\Java\bin;C:\Windows\system32;C:\Windows;C:/Program Files/Java/jre1.8.0_241/bin/server;C:/Program Files/Java/jre1.8.0_241/bin;C:/Program Files/Java/jre1.8.0_241/lib/amd64;C:\Program Files (x86)\Common Files\Oracle\Java\javapath;&quot;C:\Program Files (x86)\Common Files\Oracle\Java\javapath;C:\Program Files\Java\jdk1.8.0_231\bin&quot;;C:\Windows\system32;C:\Windows;C:\Windows\System32\Wbem;C:\Windows\System32\WindowsPowerShell\v1.0\;C:\Windows\System32\OpenSSH\;C:\Program Files\nodejs\;D:\sdk-tools-windows-4333796\platform-tools;C:\Program Files\Java\jdk1.8.0_231\bin;C:\Program Files\Java\jre1.8.0_241\bin;D:\Selenium\apache-maven-3.3.1\bin;C:\Users\rajat.garg\AppData\Local\Microsoft\WindowsApps;;C:\Users\rajat.garg\AppData\Local\Programs\Microsoft VS Code\bin;C:\Users\rajat.garg\AppData\Roaming\npm;D:\eclipse;;."/>
    <property name="java.specification.name" value="Java Platform API Specification"/>
    <property name="java.class.version" value="52.0"/>
    <property name="sun.management.compiler" value="HotSpot 64-Bit Tiered Compilers"/>
    <property name="os.version" value="10.0"/>
    <property name="user.home" value="C:\Users\rajat.garg"/>
    <property name="user.timezone" value="Asia/Calcutta"/>
    <property name="java.awt.printerjob" value="sun.awt.windows.WPrinterJob"/>
    <property name="java.specification.version" value="1.8"/>
    <property name="file.encoding" value="Cp1252"/>
    <property name="user.name" value="rajat.garg"/>
    <property name="java.class.path" value="D:\eclipse\plugins\org.eclipse.m2e.maven.runtime_1.9.1.20180912-1600\jars\plexus-classworlds-2.5.2.jar"/>
    <property name="java.vm.specification.version" value="1.8"/>
    <property name="sun.arch.data.model" value="64"/>
    <property name="java.home" value="C:\Program Files\Java\jre1.8.0_241"/>
    <property name="sun.java.command" value="org.codehaus.plexus.classworlds.launcher.Launcher -B install"/>
    <property name="java.specification.vendor" value="Oracle Corporation"/>
    <property name="user.language" value="en"/>
    <property name="awt.toolkit" value="sun.awt.windows.WToolkit"/>
    <property name="java.vm.info" value="mixed mode"/>
    <property name="java.version" value="1.8.0_241"/>
    <property name="java.ext.dirs" value="C:\Program Files\Java\jre1.8.0_241\lib\ext;C:\Windows\Sun\Java\lib\ext"/>
    <property name="sun.boot.class.path" value="C:\Program Files\Java\jre1.8.0_241\lib\resources.jar;C:\Program Files\Java\jre1.8.0_241\lib\rt.jar;C:\Program Files\Java\jre1.8.0_241\lib\sunrsasign.jar;C:\Program Files\Java\jre1.8.0_241\lib\jsse.jar;C:\Program Files\Java\jre1.8.0_241\lib\jce.jar;C:\Program Files\Java\jre1.8.0_241\lib\charsets.jar;C:\Program Files\Java\jre1.8.0_241\lib\jfr.jar;C:\Program Files\Java\jre1.8.0_241\classes"/>
    <property name="java.vendor" value="Oracle Corporation"/>
    <property name="maven.home" value="C:\Users\rajat.garg\eclipse-workspace\OSSI\EMBEDDED"/>
    <property name="file.separator" value="\"/>
    <property name="java.vendor.url.bug" value="http://bugreport.sun.com/bugreport/"/>
    <property name="sun.cpu.endian" value="little"/>
    <property name="sun.io.unicode.encoding" value="UnicodeLittle"/>
    <property name="sun.desktop" value="windows"/>
    <property name="sun.cpu.isalist" value="amd64"/>
  </properties>
  <testcase classname="ossi.com.qa.testcases.HomePageTest" name="test1" time="0.005"/>
  <testcase classname="ossi.com.qa.testcases.LoginPageTest" name="setup" time="6.341">
    <failure message="session not created: This version of ChromeDriver only supports Chrome version 83
Build info: version: &apos;3.141.59&apos;, revision: &apos;e82be7d358&apos;, time: &apos;2018-11-14T08:17:03&apos;
System info: host: &apos;01-012095&apos;, ip: &apos;192.168.75.13&apos;, os.name: &apos;Windows 10&apos;, os.arch: &apos;amd64&apos;, os.version: &apos;10.0&apos;, java.version: &apos;1.8.0_241&apos;
Driver info: driver.version: ChromeDriver
remote stacktrace: Backtrace:
	Ordinal0 [0x00BF9443+2724931]
	Ordinal0 [0x00AF8421+1672225]
	Ordinal0 [0x009E0339+525113]
	Ordinal0 [0x00970B77+68471]
	Ordinal0 [0x0096D32C+54060]
	Ordinal0 [0x0098CC37+183351]
	Ordinal0 [0x0098CA3D+182845]
	Ordinal0 [0x0098A94B+174411]
	Ordinal0 [0x00972528+75048]
	Ordinal0 [0x009735A0+79264]
	Ordinal0 [0x00973539+79161]
	Ordinal0 [0x00B0D4D7+1758423]
	GetHandleVerifier [0x00D15D96+1050070]
	GetHandleVerifier [0x00D15AE1+1049377]
	GetHandleVerifier [0x00D20927+1093991]
	GetHandleVerifier [0x00D16396+1051606]
	Ordinal0 [0x00B059D6+1726934]
	Ordinal0 [0x00B0EA4B+1763915]
	Ordinal0 [0x00B0EBB3+1764275]
	Ordinal0 [0x00B24AD5+1854165]
	BaseThreadInitThunk [0x76C360C9+25]
	RtlGetAppContainerNamedObjectPath [0x773D7A94+228]
	RtlGetAppContainerNamedObjectPath [0x773D7A64+180]
" type="org.openqa.selenium.SessionNotCreatedException">org.openqa.selenium.SessionNotCreatedException: session not created: This version of ChromeDriver only supports Chrome version 83
Build info: version: &apos;3.141.59&apos;, revision: &apos;e82be7d358&apos;, time: &apos;2018-11-14T08:17:03&apos;
System info: host: &apos;01-012095&apos;, ip: &apos;192.168.75.13&apos;, os.name: &apos;Windows 10&apos;, os.arch: &apos;amd64&apos;, os.version: &apos;10.0&apos;, java.version: &apos;1.8.0_241&apos;
Driver info: driver.version: ChromeDriver
remote stacktrace: Backtrace:
	Ordinal0 [0x00BF9443+2724931]
	Ordinal0 [0x00AF8421+1672225]
	Ordinal0 [0x009E0339+525113]
	Ordinal0 [0x00970B77+68471]
	Ordinal0 [0x0096D32C+54060]
	Ordinal0 [0x0098CC37+183351]
	Ordinal0 [0x0098CA3D+182845]
	Ordinal0 [0x0098A94B+174411]
	Ordinal0 [0x00972528+75048]
	Ordinal0 [0x009735A0+79264]
	Ordinal0 [0x00973539+79161]
	Ordinal0 [0x00B0D4D7+1758423]
	GetHandleVerifier [0x00D15D96+1050070]
	GetHandleVerifier [0x00D15AE1+1049377]
	GetHandleVerifier [0x00D20927+1093991]
	GetHandleVerifier [0x00D16396+1051606]
	Ordinal0 [0x00B059D6+1726934]
	Ordinal0 [0x00B0EA4B+1763915]
	Ordinal0 [0x00B0EBB3+1764275]
	Ordinal0 [0x00B24AD5+1854165]
	BaseThreadInitThunk [0x76C360C9+25]
	RtlGetAppContainerNamedObjectPath [0x773D7A94+228]
	RtlGetAppContainerNamedObjectPath [0x773D7A64+180]

	at sun.reflect.NativeConstructorAccessorImpl.newInstance0(Native Method)
	at sun.reflect.NativeConstructorAccessorImpl.newInstance(Unknown Source)
	at sun.reflect.DelegatingConstructorAccessorImpl.newInstance(Unknown Source)
	at java.lang.reflect.Constructor.newInstance(Unknown Source)
	at org.openqa.selenium.remote.W3CHandshakeResponse.lambda$errorHandler$0(W3CHandshakeResponse.java:62)
	at org.openqa.selenium.remote.HandshakeResponse.lambda$getResponseFunction$0(HandshakeResponse.java:30)
	at org.openqa.selenium.remote.ProtocolHandshake.lambda$createSession$0(ProtocolHandshake.java:126)
	at java.util.stream.ReferencePipeline$3$1.accept(Unknown Source)
	at java.util.Spliterators$ArraySpliterator.tryAdvance(Unknown Source)
	at java.util.stream.ReferencePipeline.forEachWithCancel(Unknown Source)
	at java.util.stream.AbstractPipeline.copyIntoWithCancel(Unknown Source)
	at java.util.stream.AbstractPipeline.copyInto(Unknown Source)
	at java.util.stream.AbstractPipeline.wrapAndCopyInto(Unknown Source)
	at java.util.stream.FindOps$FindOp.evaluateSequential(Unknown Source)
	at java.util.stream.AbstractPipeline.evaluate(Unknown Source)
	at java.util.stream.ReferencePipeline.findFirst(Unknown Source)
	at org.openqa.selenium.remote.ProtocolHandshake.createSession(ProtocolHandshake.java:128)
	at org.openqa.selenium.remote.ProtocolHandshake.createSession(ProtocolHandshake.java:74)
	at org.openqa.selenium.remote.HttpCommandExecutor.execute(HttpCommandExecutor.java:136)
	at org.openqa.selenium.remote.service.DriverCommandExecutor.execute(DriverCommandExecutor.java:83)
	at org.openqa.selenium.remote.RemoteWebDriver.execute(RemoteWebDriver.java:552)
	at org.openqa.selenium.remote.RemoteWebDriver.startSession(RemoteWebDriver.java:213)
	at org.openqa.selenium.remote.RemoteWebDriver.&lt;init&gt;(RemoteWebDriver.java:131)
	at org.openqa.selenium.chrome.ChromeDriver.&lt;init&gt;(ChromeDriver.java:181)
	at org.openqa.selenium.chrome.ChromeDriver.&lt;init&gt;(ChromeDriver.java:168)
	at org.openqa.selenium.chrome.ChromeDriver.&lt;init&gt;(ChromeDriver.java:123)
	at ossi.com.qa.base.TestBase.initialization(TestBase.java:38)
	at ossi.com.qa.testcases.LoginPageTest.setup(LoginPageTest.java:21)
</failure>
    <system-err>Starting ChromeDriver 83.0.4103.14 (be04594a2b8411758b860104bc0a1033417178be-refs/branch-heads/4103@{#119}) on port 26363
Only local connections are allowed.
Please see https://chromedriver.chromium.org/security-considerations for suggestions on keeping ChromeDriver safe.
ChromeDriver was started successfully.
</system-err>
  </testcase>
  <testcase classname="ossi.com.qa.testcases.LoginPageTest" name="loginpageTitleTest" time="6.341">
    <skipped/>
  </testcase>
  <testcase classname="ossi.com.qa.testcases.LoginPageTest" name="tearDown" time="6.341">
    <skipped/>
  </testcase>
  <testcase classname="ossi.com.qa.testcases.LoginPageTest" name="setup" time="6.341">
    <skipped/>
  </testcase>
  <testcase classname="ossi.com.qa.testcases.LoginPageTest" name="ossiLogoImageTest" time="6.341">
    <skipped/>
  </testcase>
  <testcase classname="ossi.com.qa.testcases.LoginPageTest" name="tearDown" time="6.341">
    <skipped/>
  </testcase>
  <testcase classname="ossi.com.qa.testcases.LoginPageTest" name="setup" time="6.341">
    <skipped/>
  </testcase>
  <testcase classname="ossi.com.qa.testcases.LoginPageTest" name="LoginTest" time="6.341">
    <skipped/>
  </testcase>
  <testcase classname="ossi.com.qa.testcases.LoginPageTest" name="tearDown" time="6.341">
    <skipped/>
  </testcase>
</testsuite>